<?xml version="1.0" encoding="UTF-8"?>
<testsuite name="bsu.edu.cs.WikipediaRevisionParserTest" tests="3" skipped="0" failures="0" errors="0" timestamp="2025-10-14T22:00:51" hostname="DESKTOP-GI5IG8E" time="0.095">
  <properties/>
  <testcase name="testParseRevisions_under15()" classname="bsu.edu.cs.WikipediaRevisionParserTest" time="0.083"/>
  <testcase name="testParseRevisions()" classname="bsu.edu.cs.WikipediaRevisionParserTest" time="0.005"/>
  <testcase name="testParseRevisions_emptyFile()" classname="bsu.edu.cs.WikipediaRevisionParserTest" time="0.003"/>
  <system-out><![CDATA[]]></system-out>
  <system-err><![CDATA[]]></system-err>
</testsuite>
