<?xml version="1.0" encoding="UTF-8"?>
<testsuite name="bsu.edu.cs.WikipediaRevisionParserTest" tests="1" skipped="0" failures="0" errors="0" timestamp="2025-10-14T20:30:39" hostname="DESKTOP-GI5IG8E" time="0.089">
  <properties/>
  <testcase name="testParseRevisions()" classname="bsu.edu.cs.WikipediaRevisionParserTest" time="0.089"/>
  <system-out><![CDATA[]]></system-out>
  <system-err><![CDATA[]]></system-err>
</testsuite>
